What up?
0
Arg!
1
Woof! Woof!
2
Eat a pizza
3
Eat 2 more pizzas
4
What up?
0
Arg!
1
Woof! Woof!
2
Eat a pizza
3
Eat 2 more pizzas
4
What up?
0
Arg!
1
Woof! Woof!
2
Eat a pizza
3
Eat 2 more pizzas
4
What up?
0
Arg!
1
Woof! Woof!
2
Eat a pizza
3
Eat 2 more pizzas
4
What up?
0
Arg!
1
Woof! Woof!
2
Eat a pizza
3
Eat 2 more pizzas
4
What up?
0
Arg!
1
Woof! Woof!
2
Eat a pizza
3
Eat 2 more pizzas
4
What up?
0
Arg!
1
Woof! Woof!
2
Eat a pizza
3
Eat 2 more pizzas
4
What up?
0
Arg!
1
Woof! Woof!
2
Eat a pizza
3
Eat 2 more pizzas
4
What up?
0
Arg!
1
Woof! Woof!
2
Eat a pizza
3
Eat 2 more pizzas
4
What up?
0
Arg!
1
Woof! Woof!
2
Eat a pizza
3
Eat 2 more pizzas
4
SELECT * FROM address WHERE latitude='' AND longitude=''
INSERT INTO address VALUES ('', '11', '2', '', '', '', '', '', '', '', '', '')
INSERT INTO address VALUES ('', '11', '2', '', '', '', '', '', '', '', '', '')
Insert new address with id = 8
INSERT INTO log (level, message) VALUES ('1', 'Insert new address with id = 8')
Create event with address id = 8
INSERT INTO log (level, message) VALUES ('1', 'Create event with address id = 8')
What up?
0
Arg!
1
Woof! Woof!
2
Eat a pizza
3
Eat 2 more pizzas
4
What up?
0
Arg!
1
Woof! Woof!
2
Eat a pizza
3
Eat 2 more pizzas
4
SELECT * FROM address WHERE latitude='38.34007' AND longitude='-77.77299'
INSERT INTO address VALUES ('', '11', '2', '38.34007', '-77.77299', '407 Constitution Blvd', '', 'Locust Grove', 'Virginia', '22508', '', 'United States')
INSERT INTO address VALUES ('', '11', '2', '38.34007', '-77.77299', '407 Constitution Blvd', '', 'Locust Grove', 'Virginia', '22508', '', 'United States')
Insert new address with id = 9
INSERT INTO log (level, message) VALUES ('1', 'Insert new address with id = 9')
Create event with address id = 9
INSERT INTO log (level, message) VALUES ('1', 'Create event with address id = 9')
What up?
0
Arg!
1
Woof! Woof!
2
Eat a pizza
3
Eat 2 more pizzas
4
SELECT * FROM address WHERE latitude='38.34007' AND longitude='-77.77299'
Get existing address with id = 9
INSERT INTO log (level, message) VALUES ('1', 'Get existing address with id = 9')
Create event with address id = 9
INSERT INTO log (level, message) VALUES ('1', 'Create event with address id = 9')

Arg!
0
Woof! Woof!
1
What up?
2
Eat a pizza
3
Eat 2 more pizzas
4
SELECT * FROM address WHERE latitude='38.34007' AND longitude='-77.77299'
Get existing address with id = 9
INSERT INTO log (level, message) VALUES ('1', 'Get existing address with id = 9')
Create event with address id = 9
INSERT INTO log (level, message) VALUES ('1', 'Create event with address id = 9')
INSERT INTO events VALUES ('', 'Party!', 'blah blah blah', '11', '9', '2020/06/23 18:00', '2020/06/23 18:00')
What up?
0
Arg!
1
Woof! Woof!
2
Eat a pizza
3
Eat 2 more pizzas
4
Party!
5
SELECT * FROM address WHERE latitude='38.34007' AND longitude='-77.77299'
Get existing address with id = 9
INSERT INTO log (level, message) VALUES ('1', 'Get existing address with id = 9')
Create event with address id = 9
INSERT INTO log (level, message) VALUES ('1', 'Create event with address id = 9')
INSERT INTO events VALUES ('', 'Party!', 'blah blah blah', '11', '9', '2020/06/23 18:00', '2020/06/23 18:00')
What up?
0
Arg!
1
Woof! Woof!
2
Eat a pizza
3
Eat 2 more pizzas
4
Party!
5
Party!
6
SELECT * FROM address WHERE latitude='38.34007' AND longitude='-77.77299'
Get existing address with id = 9
INSERT INTO log (level, message) VALUES ('1', 'Get existing address with id = 9')
Create event with address id = 9
INSERT INTO log (level, message) VALUES ('1', 'Create event with address id = 9')
INSERT INTO events VALUES ('', 'Party!', 'blah blah blah', '11', '9', '2020/06/23 18:00', '2020/06/23 18:00')
What up?
0
Arg!
1
Woof! Woof!
2
Eat a pizza
3
Eat 2 more pizzas
4
Party!
5
Party!
6
Party!
7
SELECT * FROM address WHERE latitude='38.34007' AND longitude='-77.77299'
Get existing address with id = 9
INSERT INTO log (level, message) VALUES ('1', 'Get existing address with id = 9')
Create event with address id = 9
INSERT INTO log (level, message) VALUES ('1', 'Create event with address id = 9')
INSERT INTO events VALUES ('', 'Party!', 'blah blah blah', '11', '9', '2020/06/23 18:00', '2020/06/23 18:00')
Arg!
0
Woof! Woof!
1
What up?
2
Eat a pizza
3
Eat 2 more pizzas
4
Party!
5
Party!
6
Party!
7
SELECT * FROM address WHERE latitude='38.34007' AND longitude='-77.77299'
Get existing address with id = 9
INSERT INTO log (level, message) VALUES ('1', 'Get existing address with id = 9')
Create event with address id = 9
INSERT INTO log (level, message) VALUES ('1', 'Create event with address id = 9')
INSERT INTO events VALUES ('', 'Party!', 'blah blah blah', '11', '9', '2020/06/23 18:00', '2020/06/23 18:00')
What up?
0
Arg!
1
Woof! Woof!
2
Eat a pizza
3
Eat 2 more pizzas
4
Party!
5
Party!
6
Party!
7
What up?
0
Arg!
1
Woof! Woof!
2
Eat a pizza
3
Eat 2 more pizzas
4
Party!
5
Party!
6
Party!
7
What up?
0
Arg!
1
Woof! Woof!
2
Eat a pizza
3
Eat 2 more pizzas
4
Party!
5
Party!
6
Party!
7
What up?
0
Arg!
1
Woof! Woof!
2
Eat a pizza
3
Eat 2 more pizzas
4
Party!
5
Party!
6
Party!
7
What up?
0
Arg!
1
Woof! Woof!
2
Eat a pizza
3
Eat 2 more pizzas
4
Party!
5
Party!
6
Party!
7
What up?
0
Arg!
1
Woof! Woof!
2
Eat a pizza
3
Eat 2 more pizzas
4
Party!
5
Party!
6
Party!
7
What up?
0
Arg!
1
Woof! Woof!
2
Eat a pizza
3
Eat 2 more pizzas
4
Party!
5
Party!
6
Party!
7
What up?
0
Arg!
1
Woof! Woof!
2
Eat a pizza
3
Eat 2 more pizzas
4
Party!
5
Party!
6
Party!
7
What up?
0
Arg!
1
Woof! Woof!
2
Eat a pizza
3
Eat 2 more pizzas
4
Party!
5
Party!
6
Party!
7
What up?
0
Arg!
1
Woof! Woof!
2
Eat a pizza
3
Eat 2 more pizzas
4
Party!
5
Party!
6
Party!
7
What up?
0
Arg!
1
Woof! Woof!
2
Eat a pizza
3
Eat 2 more pizzas
4
Party!
5
Party!
6
Party!
7
What up?
0
Arg!
1
Woof! Woof!
2
Eat a pizza
3
Eat 2 more pizzas
4
Party!
5
Party!
6
Party!
7
What up?
0
Arg!
1
Woof! Woof!
2
Eat a pizza
3
Eat 2 more pizzas
4
Party!
5
Party!
6
Party!
7
What up?
0
Arg!
1
Woof! Woof!
2
Eat a pizza
3
Eat 2 more pizzas
4
Party!
5
Party!
6
Party!
7
What up?
0
Arg!
1
Woof! Woof!
2
Eat a pizza
3
Eat 2 more pizzas
4
Party!
5
Party!
6
Party!
7
What up?
0
Arg!
1
Woof! Woof!
2
Eat a pizza
3
Eat 2 more pizzas
4
Party!
5
Party!
6
Party!
7
What up?
0
Arg!
1
Woof! Woof!
2
Eat a pizza
3
Eat 2 more pizzas
4
Party!
5
Party!
6
Party!
7
What up?
0
Arg!
1
Woof! Woof!
2
Eat a pizza
3
Eat 2 more pizzas
4
Party!
5
Party!
6
Party!
7
What up?
0
Arg!
1
Woof! Woof!
2
Eat a pizza
3
Eat 2 more pizzas
4
Party!
5
Party!
6
Party!
7
What up?
0
Arg!
1
Woof! Woof!
2
Eat a pizza
3
Eat 2 more pizzas
4
Party!
5
Party!
6
Party!
7
What up?
0
Arg!
1
Woof! Woof!
2
Eat a pizza
3
Eat 2 more pizzas
4
Party!
5
Party!
6
Party!
7
What up?
0
Arg!
1
Woof! Woof!
2
Eat a pizza
3
Eat 2 more pizzas
4
Party!
5
Party!
6
Party!
7
What up?
0
Arg!
1
Woof! Woof!
2
Eat a pizza
3
Eat 2 more pizzas
4
Party!
5
Party!
6
Party!
7
What up?
0
Arg!
1
Woof! Woof!
2
Eat a pizza
3
Eat 2 more pizzas
4
Party!
5
Party!
6
Party!
7
What up?
0
Arg!
1
Woof! Woof!
2
Eat a pizza
3
Eat 2 more pizzas
4
Party!
5
Party!
6
Party!
7
What up?
0
Arg!
1
Woof! Woof!
2
Eat a pizza
3
Eat 2 more pizzas
4
Party!
5
Party!
6
Party!
7
What up?
0
Arg!
1
Woof! Woof!
2
Eat a pizza
3
Eat 2 more pizzas
4
Party!
5
Party!
6
Party!
7
What up?
0
Arg!
1
Woof! Woof!
2
Eat a pizza
3
Eat 2 more pizzas
4
Party!
5
Party!
6
Party!
7
What up?
0
Arg!
1
Woof! Woof!
2
Eat a pizza
3
Eat 2 more pizzas
4
Party!
5
Party!
6
Party!
7
What up?
0
Arg!
1
Woof! Woof!
2
Eat a pizza
3
Eat 2 more pizzas
4
Party!
5
Party!
6
Party!
7
What up?
0
Arg!
1
Woof! Woof!
2
Eat a pizza
3
Eat 2 more pizzas
4
Party!
5
Party!
6
Party!
7
What up?
0
Arg!
1
Woof! Woof!
2
Eat a pizza
3
Eat 2 more pizzas
4
Party!
5
Party!
6
Party!
7
What up?
0
Arg!
1
Woof! Woof!
2
Eat a pizza
3
Eat 2 more pizzas
4
Party!
5
Party!
6
Party!
7
What up?
0
Arg!
1
Woof! Woof!
2
Eat a pizza
3
Eat 2 more pizzas
4
Party!
5
Party!
6
Party!
7
What up?
0
Arg!
1
Woof! Woof!
2
Eat a pizza
3
Eat 2 more pizzas
4
Party!
5
Party!
6
Party!
7
What up?
0
Arg!
1
Woof! Woof!
2
Eat a pizza
3
Eat 2 more pizzas
4
Party!
5
Party!
6
Party!
7
What up?
0
Arg!
1
Woof! Woof!
2
Eat a pizza
3
Eat 2 more pizzas
4
Party!
5
Party!
6
Party!
7
What up?
0
Arg!
1
Woof! Woof!
2
Eat a pizza
3
Eat 2 more pizzas
4
Party!
5
Party!
6
Party!
7
What up?
0
Arg!
1
Woof! Woof!
2
Eat a pizza
3
Eat 2 more pizzas
4
Party!
5
Party!
6
Party!
7
What up?
0
Arg!
1
Woof! Woof!
2
Eat a pizza
3
Eat 2 more pizzas
4
Party!
5
Party!
6
Party!
7
What up?
0
Arg!
1
Woof! Woof!
2
Eat a pizza
3
Eat 2 more pizzas
4
Party!
5
Party!
6
Party!
7
What up?
0
Arg!
1
Woof! Woof!
2
Eat a pizza
3
Eat 2 more pizzas
4
Party!
5
Party!
6
Party!
7
What up?
0
Arg!
1
Woof! Woof!
2
Eat a pizza
3
Eat 2 more pizzas
4
Party!
5
Party!
6
Party!
7
What up?
0
Arg!
1
Woof! Woof!
2
Eat a pizza
3
Eat 2 more pizzas
4
Party!
5
Party!
6
Party!
7
What up?
0
Arg!
1
Woof! Woof!
2
Eat a pizza
3
Eat 2 more pizzas
4
Party!
5
Party!
6
Party!
7
What up?
0
Arg!
1
Woof! Woof!
2
Eat a pizza
3
Eat 2 more pizzas
4
Party!
5
Party!
6
Party!
7
What up?
0
Arg!
1
Woof! Woof!
2
Eat a pizza
3
Eat 2 more pizzas
4
Party!
5
Party!
6
Party!
7
What up?
0
Arg!
1
Woof! Woof!
2
Eat a pizza
3
Eat 2 more pizzas
4
Party!
5
Party!
6
Party!
7
What up?
0
Arg!
1
Woof! Woof!
2
Eat a pizza
3
Eat 2 more pizzas
4
Party!
5
Party!
6
Party!
7
What up?
0
Arg!
1
Woof! Woof!
2
Eat a pizza
3
Eat 2 more pizzas
4
Party!
5
Party!
6
Party!
7
What up?
0
Arg!
1
Woof! Woof!
2
Eat a pizza
3
Eat 2 more pizzas
4
Party!
5
Party!
6
Party!
7
What up?
0
Arg!
1
Woof! Woof!
2
Eat a pizza
3
Eat 2 more pizzas
4
Party!
5
Party!
6
Party!
7
What up?
0
Arg!
1
Woof! Woof!
2
Eat a pizza
3
Eat 2 more pizzas
4
Party!
5
Party!
6
Party!
7
What up?
0
Arg!
1
Woof! Woof!
2
Eat a pizza
3
Eat 2 more pizzas
4
Party!
5
Party!
6
Party!
7
What up?
0
Arg!
1
Woof! Woof!
2
Eat a pizza
3
Eat 2 more pizzas
4
Party!
5
Party!
6
Party!
7
What up?
0
Arg!
1
Woof! Woof!
2
Eat a pizza
3
Eat 2 more pizzas
4
Party!
5
Party!
6
Party!
7
What up?
0
Arg!
1
Woof! Woof!
2
Eat a pizza
3
Eat 2 more pizzas
4
Party!
5
Party!
6
Party!
7
What up?
0
Arg!
1
Woof! Woof!
2
Eat a pizza
3
Eat 2 more pizzas
4
Party!
5
Party!
6
Party!
7
What up?
0
Arg!
1
Woof! Woof!
2
Eat a pizza
3
Eat 2 more pizzas
4
Party!
5
Party!
6
Party!
7
What up?
0
Arg!
1
Woof! Woof!
2
Eat a pizza
3
Eat 2 more pizzas
4
Party!
5
Party!
6
Party!
7
What up?
0
Arg!
1
Woof! Woof!
2
Eat a pizza
3
Eat 2 more pizzas
4
Party!
5
Party!
6
Party!
7
Arg!
0
Woof! Woof!
1
What up?
2
Eat a pizza
3
Eat 2 more pizzas
4
Party!
5
Party!
6
What up?
0
Arg!
1
Woof! Woof!
2
Eat a pizza
3
Eat 2 more pizzas
4
Party!
5
Party!
6
What up?
0
Arg!
1
Woof! Woof!
2
Eat a pizza
3
Eat 2 more pizzas
4
Party!
5
Party!
6
What up?
0
Arg!
1
Woof! Woof!
2
Eat a pizza
3
Eat 2 more pizzas
4
Party!
5
Party!
6
What up?
0
Arg!
1
Woof! Woof!
2
Eat a pizza
3
Eat 2 more pizzas
4
Party!
5
Party!
6
What up?
0
Arg!
1
Woof! Woof!
2
Eat a pizza
3
Eat 2 more pizzas
4
Party!
5
Party!
6
What up?
0
Arg!
1
Woof! Woof!
2
Eat a pizza
3
Eat 2 more pizzas
4
Party!
5
Party!
6
What up?
0
Arg!
1
Woof! Woof!
2
Eat a pizza
3
Eat 2 more pizzas
4
Party!
5
Party!
6
What up?
0
Arg!
1
Woof! Woof!
2
Eat a pizza
3
Eat 2 more pizzas
4
Party!
5
Party!
6
What up?
0
Arg!
1
Woof! Woof!
2
Eat a pizza
3
Eat 2 more pizzas
4
Party!
5
Party!
6
What up?
0
Arg!
1
Woof! Woof!
2
Eat a pizza
3
Eat 2 more pizzas
4
Party!
5
Party!
6
